[2024-06-08T14:18:59.307] [INFO] default - Server is running on port 3000
[2024-06-08T14:19:45.577] [INFO] default - Server is running on port 3000
[2024-06-08T14:27:24.546] [INFO] default - Server is running on port 3000
[2024-06-08T14:28:23.419] [INFO] default - User a logged in at 2024-06-08T12:28:23.419Z
[2024-06-14T11:17:27.748] [INFO] default - Server is running on port 3000
[2024-06-14T15:07:44.922] [INFO] default - Server is running on port 3000
[2024-06-14T15:08:16.705] [INFO] default - Server is running on port 3000
[2024-06-14T15:10:07.322] [INFO] default - Server is running on port 3000
[2024-06-14T15:13:17.861] [INFO] default - Server is running on port 3000
[2024-06-14T15:13:28.826] [INFO] default - Server is running on port 3000
[2024-06-18T20:31:43.186] [INFO] default - Server is running on port 3000
[2024-06-18T20:31:45.820] [INFO] default - Server is running on port 3000
[2024-06-18T20:32:22.821] [INFO] default - Server is running on port 3000
[2024-06-18T20:33:39.709] [INFO] default - Server is running on port 3000
[2024-06-18T20:33:41.239] [INFO] default - Server is running on port 3000
[2024-06-18T20:33:45.114] [INFO] default - Server is running on port 3000
[2024-06-18T20:33:49.321] [INFO] default - Server is running on port 3000
[2024-06-18T20:33:52.701] [INFO] default - Server is running on port 3000
[2024-06-18T20:33:54.941] [INFO] default - Server is running on port 3000
[2024-06-18T20:34:04.798] [INFO] default - Server is running on port 3000
[2024-06-18T20:34:06.621] [INFO] default - Server is running on port 3000
[2024-06-18T20:34:11.736] [INFO] default - Server is running on port 3000
[2024-06-18T20:44:35.957] [INFO] default - Server is running on port 3000
[2024-06-18T20:45:38.503] [INFO] default - Server is running on port 3000
[2024-06-18T23:06:55.062] [INFO] default - Server is running on port 3000
[2024-06-18T23:06:59.188] [INFO] default - Server is running on port 3000
[2024-06-18T23:07:05.693] [INFO] default - Server is running on port 3000
[2024-06-18T23:07:08.900] [INFO] default - Server is running on port 3000
[2024-06-18T23:59:10.521] [INFO] default - Server is running on port 3000
[2024-06-19T00:05:28.956] [INFO] default - Server is running on port 3000
[2024-06-19T00:17:28.925] [INFO] default - Server is running on port 3000
[2024-06-19T00:17:39.128] [INFO] default - Server is running on port 3000
[2024-06-19T00:17:41.523] [INFO] default - Server is running on port 3000
[2024-06-19T00:17:50.856] [INFO] default - Server is running on port 3000
[2024-06-19T00:17:56.927] [INFO] default - Server is running on port 3000
[2024-06-19T00:18:34.705] [INFO] default - Server is running on port 3000
[2024-06-19T00:18:37.728] [INFO] default - Server is running on port 3000
[2024-06-19T00:18:39.638] [INFO] default - Server is running on port 3000
[2024-06-19T00:20:43.312] [INFO] default - Server is running on port 3000
[2024-06-19T11:56:38.573] [INFO] default - Server is running on port 3000
[2024-06-19T11:57:20.379] [INFO] default - Server is running on port 3000
[2024-06-19T11:57:26.265] [INFO] default - Server is running on port 3000
[2024-06-19T12:19:19.259] [INFO] default - Server is running on port 3000
[2024-06-19T12:19:25.179] [INFO] default - Server is running on port 3000
[2024-06-19T12:19:27.205] [INFO] default - Server is running on port 3000
[2024-06-19T12:19:29.892] [INFO] default - Server is running on port 3000
[2024-06-19T12:19:39.259] [INFO] default - Server is running on port 3000
[2024-06-19T12:19:42.435] [INFO] default - Server is running on port 3000
[2024-06-19T12:19:44.399] [INFO] default - Server is running on port 3000
[2024-06-19T12:19:46.220] [INFO] default - Server is running on port 3000
[2024-06-19T12:38:06.564] [INFO] default - Server is running on port 3000
[2024-06-19T13:37:21.452] [INFO] default - Server is running on port 3000
[2024-06-19T13:37:23.688] [INFO] default - Server is running on port 3000
[2024-06-19T13:42:27.891] [INFO] default - Server is running on port 3000
[2024-06-19T13:42:48.336] [INFO] default - Server is running on port 3000
[2024-06-19T13:42:55.808] [INFO] default - Server is running on port 3000
[2024-06-19T14:02:18.319] [INFO] default - Server is running on port 3000
[2024-06-19T14:02:21.465] [INFO] default - Server is running on port 3000
[2024-06-19T14:21:53.968] [INFO] default - Server is running on port 3000
[2024-06-19T14:22:09.873] [INFO] default - Server is running on port 3000
[2024-06-19T14:22:17.285] [INFO] default - Server is running on port 3000
[2024-06-19T14:22:34.362] [INFO] default - Server is running on port 3000
[2024-06-19T14:22:36.843] [INFO] default - Server is running on port 3000
[2024-06-19T14:22:42.543] [INFO] default - Server is running on port 3000
[2024-06-19T14:22:57.438] [INFO] default - Server is running on port 3000
[2024-06-19T14:23:28.713] [INFO] default - Server is running on port 3000
[2024-06-19T14:23:33.897] [INFO] default - Server is running on port 3000
[2024-06-19T14:31:49.429] [INFO] default - Server is running on port 3000
[2024-06-19T14:31:53.067] [INFO] default - Server is running on port 3000
[2024-06-19T14:31:57.186] [INFO] default - Server is running on port 3000
[2024-06-19T16:33:29.079] [INFO] default - Server is running on port 3000
[2024-06-19T16:33:30.702] [INFO] default - Server is running on port 3000
[2024-06-19T16:33:41.223] [INFO] default - Server is running on port 3000
[2024-06-19T16:34:01.855] [INFO] default - Server is running on port 3000
[2024-06-19T16:34:04.373] [INFO] default - Server is running on port 3000
[2024-06-19T16:34:29.481] [INFO] default - Server is running on port 3000
[2024-06-19T16:47:04.594] [INFO] default - Server is running on port 3000
[2024-06-19T16:47:53.806] [INFO] default - Server is running on port 3000
[2024-06-19T17:04:25.697] [INFO] default - Server is running on port 3000
[2024-06-19T17:11:32.268] [INFO] default - Server is running on port 3000
[2024-06-19T17:14:33.860] [INFO] default - User testAdmin logged in at 2024-06-19T15:14:33.859Z
[2024-06-19T17:14:43.995] [INFO] default - User testAdmin logged in at 2024-06-19T15:14:43.995Z
[2024-06-19T17:17:59.213] [INFO] default - User testAdmin logged in at 2024-06-19T15:17:59.213Z
[2024-06-19T17:18:01.837] [INFO] default - User testAdmin logged in at 2024-06-19T15:18:01.837Z
[2024-06-19T17:18:07.431] [INFO] default - User testAdmin logged in at 2024-06-19T15:18:07.431Z
[2024-06-19T17:19:45.670] [INFO] default - Server is running on port 3000
[2024-06-19T17:35:37.396] [INFO] default - Server is running on port 3000
[2024-06-19T17:59:08.373] [INFO] default - Server is running on port 3000
[2024-06-19T18:04:38.209] [INFO] default - Server is running on port 3000
[2024-06-19T18:04:56.652] [INFO] default - Server is running on port 3000
[2024-06-19T18:07:39.206] [INFO] default - User testAdmin logged in at 2024-06-19T16:07:39.205Z
[2024-06-19T18:08:09.441] [INFO] default - User testAdmin logged in at 2024-06-19T16:08:09.441Z
[2024-06-19T18:08:11.489] [INFO] default - User testAdmin logged in at 2024-06-19T16:08:11.489Z
[2024-06-19T18:08:12.799] [INFO] default - User testAdmin logged in at 2024-06-19T16:08:12.799Z
[2024-06-19T18:10:15.912] [INFO] default - Server is running on port 3000
[2024-06-19T19:03:33.704] [INFO] default - Server is running on port 3000  undefined
[2024-06-19T19:03:54.743] [INFO] default - Server is running on port 3000  undefined
[2024-06-19T19:06:39.959] [INFO] default - Server is running on port 3000  undefined
[2024-06-19T19:08:05.028] [INFO] default - Server is running on port 3000  undefined
[2024-06-19T19:08:14.763] [INFO] default - Server is running on port 3000  undefined
[2024-06-19T19:09:11.692] [INFO] default - Server is running on port 3000
[2024-06-19T19:09:21.384] [INFO] default - Server is running on port 3000
[2024-06-19T19:18:26.614] [INFO] default - Server is running on port 3000
[2024-06-19T19:18:38.569] [INFO] default - Server is running on port 3000
[2024-06-19T19:21:24.598] [INFO] default - Server is running on port 3000
[2024-06-19T19:35:04.123] [INFO] default - Server is running on port 3000
[2024-06-19T19:35:14.510] [INFO] default - Server is running on port 3000
[2024-06-19T19:35:28.712] [INFO] default - Server is running on port 3000
[2024-06-19T19:59:40.246] [INFO] default - Server is running on port 3000
[2024-06-20T09:52:09.644] [INFO] default - Server is running on port 3000
[2024-06-20T09:52:16.100] [INFO] default - Server is running on port 3000
[2024-06-20T09:56:50.730] [INFO] default - Server is running on port 3000
[2024-06-20T09:57:19.632] [INFO] default - Server is running on port 3000
[2024-06-20T09:58:06.829] [INFO] default - Server is running on port 3000
[2024-06-20T09:59:14.759] [INFO] default - Server is running on port 3000
[2024-06-20T10:08:37.613] [INFO] default - Server is running on port 3000
[2024-06-20T10:08:47.737] [INFO] default - Server is running on port 3000
[2024-06-20T10:12:01.490] [INFO] default - Server is running on port 3000
[2024-06-20T10:45:15.381] [INFO] default - Server is running on port 3000
[2024-06-20T11:04:02.988] [INFO] default - Server is running on port 3000
[2024-06-20T11:22:54.219] [INFO] default - Server is running on port 3000
[2024-06-20T11:33:51.367] [INFO] default - User testClient logged in at 2024-06-20T09:33:51.367Z
[2024-06-20T11:34:23.066] [INFO] default - User testAdmin logged in at 2024-06-20T09:34:23.066Z
[2024-06-20T11:34:28.484] [INFO] default - User testAdmin logged in at 2024-06-20T09:34:28.484Z
[2024-06-20T11:34:28.909] [INFO] default - User testAdmin logged in at 2024-06-20T09:34:28.909Z
[2024-06-20T11:34:50.974] [INFO] default - User testClient logged in at 2024-06-20T09:34:50.973Z
[2024-06-20T11:34:54.370] [INFO] default - User testClient logged in at 2024-06-20T09:34:54.370Z
[2024-06-20T11:34:54.827] [INFO] default - User testClient logged in at 2024-06-20T09:34:54.827Z
[2024-06-20T11:35:00.283] [INFO] default - User testClient logged in at 2024-06-20T09:35:00.283Z
[2024-06-20T12:12:30.031] [INFO] default - Server is running on port 3000
[2024-06-20T16:14:48.124] [INFO] default - Server is running on port 3000
[2024-06-20T22:29:00.156] [INFO] default - Server is running on port 3000
[2024-06-20T22:29:22.763] [INFO] default - Server is running on port 3000
[2024-06-20T22:29:34.010] [INFO] default - Server is running on port 3000
[2024-06-20T22:29:58.718] [INFO] default - Server is running on port 3000
[2024-06-21T17:08:21.178] [INFO] default - Server is running on port 3000
[2024-06-21T17:12:54.695] [INFO] default - Server is running on port 3000
[2024-06-21T17:12:58.353] [INFO] default - Server is running on port 3000
[2024-06-21T17:14:11.491] [INFO] default - Server is running on port 3000
[2024-06-21T17:14:21.035] [INFO] default - Server is running on port 3000
[2024-06-21T17:19:46.080] [INFO] default - Server is running on port 3000
[2024-06-21T17:20:07.842] [INFO] default - Server is running on port 3000
[2024-06-21T17:20:39.266] [INFO] default - Server is running on port 3000
[2024-06-21T17:20:45.130] [INFO] default - Server is running on port 3000
[2024-06-21T17:23:36.970] [INFO] default - Server is running on port 3000
[2024-06-21T17:24:04.141] [INFO] default - Server is running on port 3000
[2024-06-21T17:24:36.451] [INFO] default - Server is running on port 3000
[2024-06-21T17:25:11.106] [INFO] default - Server is running on port 3000
[2024-06-21T17:28:49.101] [INFO] default - Server is running on port 3000
[2024-06-21T17:29:05.149] [INFO] default - Server is running on port 3000
[2024-06-21T17:29:54.260] [INFO] default - Server is running on port 3000
[2024-06-22T22:01:35.939] [INFO] default - User TESTClient2 logged in at 2024-06-22T20:01:35.938Z
[2024-06-22T22:01:41.753] [INFO] default - User TESTClient2 logged in at 2024-06-22T20:01:41.753Z
[2024-06-22T22:01:42.383] [INFO] default - User TESTClient2 logged in at 2024-06-22T20:01:42.383Z
[2024-06-22T22:01:46.088] [INFO] default - User TESTClient2 logged in at 2024-06-22T20:01:46.088Z
[2024-06-22T22:06:20.645] [INFO] default - Server is running on port 3000
[2024-06-22T22:06:21.815] [INFO] default - Server is running on port 3000
[2024-06-22T22:08:59.953] [INFO] default - User TestClient logged in at 2024-06-22T20:08:59.953Z
[2024-06-22T22:09:02.239] [INFO] default - User TestClient logged in at 2024-06-22T20:09:02.239Z
[2024-06-22T22:09:02.770] [INFO] default - User TestClient logged in at 2024-06-22T20:09:02.770Z
[2024-06-22T22:09:07.608] [INFO] default - User TestClient logged in at 2024-06-22T20:09:07.608Z
[2024-06-22T22:09:15.745] [INFO] default - User TestClient logged in at 2024-06-22T20:09:15.745Z
[2024-06-22T22:09:19.154] [INFO] default - User TestClient logged in at 2024-06-22T20:09:19.153Z
[2024-06-22T22:14:03.089] [INFO] default - User TestClient2 logged in at 2024-06-22T20:14:03.088Z
[2024-06-22T22:14:07.114] [INFO] default - User TestClient2 logged in at 2024-06-22T20:14:07.114Z
[2024-06-22T22:14:08.175] [INFO] default - User TestClient2 logged in at 2024-06-22T20:14:08.175Z
[2024-06-22T22:14:08.771] [INFO] default - User TestClient2 logged in at 2024-06-22T20:14:08.771Z
[2024-06-22T22:14:12.218] [INFO] default - User TestClient2 logged in at 2024-06-22T20:14:12.218Z
[2024-06-22T22:14:19.383] [INFO] default - User TestClient2 logged in at 2024-06-22T20:14:19.383Z
[2024-06-22T22:14:20.873] [INFO] default - User TestClient2 logged in at 2024-06-22T20:14:20.873Z
[2024-06-22T22:14:21.140] [INFO] default - User TestClient2 logged in at 2024-06-22T20:14:21.140Z
[2024-06-22T22:14:31.203] [INFO] default - User TestClient2 logged in at 2024-06-22T20:14:31.203Z
[2024-06-22T22:14:31.424] [INFO] default - User TestClient2 logged in at 2024-06-22T20:14:31.423Z
[2024-06-22T22:22:49.955] [INFO] default - User TestClient2 logged in at 2024-06-22T20:22:49.954Z
[2024-06-22T22:23:23.168] [INFO] default - User TestClient logged in at 2024-06-22T20:23:23.167Z
[2024-06-22T22:26:48.865] [INFO] default - User testAdmin logged in at 2024-06-22T20:26:48.865Z
[2024-06-22T22:26:52.113] [INFO] default - User testAdmin logged in at 2024-06-22T20:26:52.113Z
[2024-06-22T22:26:55.355] [INFO] default - User testAdmin logged in at 2024-06-22T20:26:55.355Z
[2024-06-24T14:01:04.866] [INFO] default - Server is running on port 3000
